                                                                                
                                                                                
                                                                                
                                                                                
                                                                                
                                                                                
                                                                                
                                                                                
                                                                                
                                                                                
                                                                                
                                                                                
                                                                                
                                                                                
                                                                                
                                                                                
                                                                                
                                                                                
                                                                                
                                                                                
                                                                                
                                                                                
                                                                                
                                  oooooooooooo                                  
                            ooooooo          ooooooo                            
                         oooo                      oooo                         
                        oo                            oo                        
                       oo                              oo                       
                       o                                o                       
                       o                                o                       
                       oo                              oo                       
              oooooooo  oo                            oo  oooooooo              
           oooo      oooooo                          oooooo      oooo           
          oo             oooo                      oooo             oo          
         oo                oooo                   ooo                oo         
        oo                                        o                   oo        
        o                                                              o        
       oo                                                              oo       
       o                                                                o       
       o                                                                o       
       o                                                                o       
       o                                                                o       
       oo                                                              oo       
        o                                                              o        
        oo                   o                                        oo        
         oo                ooo                   oooo                oo         
          oo             oooo                      oooo             oo          
           oooo      oooooo                          oooooo      oooo           
              oooooooo  oo                            oo  oooooooo              
                       oo                              oo                       
                       o                                o                       
                       o                                o                       
                       oo                              oo                       
                        oo                            oo                        
                         oooo                      oooo                         
                            ooooooo          ooooooo                            
                                  oooooooooooo                                  
                                                                                
                                                                                
                                                                                
                                                                                
                                                                                
                                                                                
                                                                                
                                                                                
                                                                                
                                                                                
                                                                                
                                                                                
                                                                                
                                                                                
                                                                                
                                                                                
                                                                                
                                                                                
                                                                                
                                                                                
                                                                                
                                                                                
                                                                                
