................................................................................
................................................................................
................................................................................
................................................................................
................................................................................
................................................................................
................................................................................
................................................................................
................................................................................
................................................................................
................................................................................
................................................................................
................................................................................
................................................................................
................................................................................
................................................................................
................................................................................
................................................................................
................................................................................
................................................................................
................................................................................
................................................................................
................................................................................
...............................*******************..............................
...........................*****.................*****..........................
.........................***.........................***........................
........................**.............................**.......................
.......................**...............................**......................
.......................*.................................*......................
.......................**...............................**......................
........................**.............................**.......................
.............**************...........................**************............
...........***..........****.........................****..........***..........
..........**...............***.....................***...............**.........
.........**..................**...................**..................**........
........**.............................................................**.......
........*...............................................................*.......
........*...............................................................*.......
........*...............................................................*.......
.......**...............................................................**......
........*...............................................................*.......
........*...............................................................*.......
........*...............................................................*.......
........**.............................................................**.......
.........**..................**...................**..................**........
..........**...............***.....................***...............**.........
...........***..........****.........................****..........***..........
.............**************...........................**************............
........................**.............................**.......................
.......................**...............................**......................
.......................*.................................*......................
.......................**...............................**......................
........................**.............................**.......................
.........................***.........................***........................
...........................*****.................*****..........................
...............................*******************..............................
................................................................................
................................................................................
................................................................................
................................................................................
................................................................................
................................................................................
................................................................................
................................................................................
................................................................................
................................................................................
................................................................................
................................................................................
................................................................................
................................................................................
................................................................................
................................................................................
................................................................................
................................................................................
................................................................................
................................................................................
................................................................................
................................................................................
................................................................................
................................................................................
                                                  
                                                  
                                                  
                                                  
                                                  
                                                  
                                                  
                                                  
                                                  
                                                  
                                                  
                                                  
                                                  
             X                                    
             XX                                   
              XXX                                 
               XXXX                               
               XX XXXX                            
                X    XXXXX                  XXXX  
                X        XXXXXXXXXXXXXXXXXXXX     
                X                       XXX       
                X                      XX         
               XX                    XXX          
              XX                    XX            
              X                     X             
             XX                    XX             
           XXX                    XX              
          XX                      X               
        XXX                       X               
      XXXXXXXXXXXXXXXXXXXX        X               
   XXXX                  XXXXX    X               
                             XXXX XX              
                                XXXX              
                                  XXX             
                                    XX            
                                     X            
                                                  
                                                  
                                                  
                                                  
                                                  
                                                  
                                                  
                                                  
                                                  
                                                  
                                                  
                                                  
                                                  
                                                  
00000000000000000000000000000000000000000000000000
00000000000000000000000000000000000000000000000000
00000000000000000000000000000000000000000000000000
00000000000000000000000000000000000000000000000000
00000000000000000000000000000000000000000000000000
00000000000000000000000000000000000000000000000000
00000000000000000000000000000000000000000000000000
00000000000000000000000000000000000000000000000000
00000000000000000000000000000000000000000000000000
00000000000000000000000000000000000000000000000000
00000000000000000000000000000000000000000000000000
00000000000000000000000000000000000000000000000000
00000000000000000000000000000000000000000000000000
0000000000000 000000000000000000000000000000000000
0000000000000  00000000000000000000000000000000000
00000000000000   000000000000000000000000000000000
000000000000000    0000000000000000000000000000000
000000000000000  0    0000000000000000000000000000
0000000000000000 0000     000000000000000000    00
0000000000000000 00000000                    00000
0000000000000000 00000000000000000000000   0000000
0000000000000000 0000000000000000000000  000000000
000000000000000  00000000000000000000   0000000000
00000000000000  00000000000000000000  000000000000
00000000000000 000000000000000000000 0000000000000
0000000000000  00000000000000000000  0000000000000
00000000000   00000000000000000000  00000000000000
0000000000  0000000000000000000000 000000000000000
00000000   00000000000000000000000 000000000000000
000000                    00000000 000000000000000
000    000000000000000000     0000 000000000000000
00000000000000000000000000000    0  00000000000000
00000000000000000000000000000000    00000000000000
0000000000000000000000000000000000   0000000000000
000000000000000000000000000000000000  000000000000
0000000000000000000000000000000000000 000000000000
00000000000000000000000000000000000000000000000000
00000000000000000000000000000000000000000000000000
00000000000000000000000000000000000000000000000000
00000000000000000000000000000000000000000000000000
00000000000000000000000000000000000000000000000000
00000000000000000000000000000000000000000000000000
00000000000000000000000000000000000000000000000000
00000000000000000000000000000000000000000000000000
00000000000000000000000000000000000000000000000000
00000000000000000000000000000000000000000000000000
00000000000000000000000000000000000000000000000000
00000000000000000000000000000000000000000000000000
00000000000000000000000000000000000000000000000000
00000000000000000000000000000000000000000000000000
                                                            
                                                            
                                                            
                                                            
                                                            
                                                            
                                                            
                                                            
                                                            
                                                            
                                                            
                                                            
                                                            
                                                            
                      *****************                     
                 ******               ******                
             *****                         *****            
           ***                                 ***          
         ***                                     ***        
       ***                                         ***      
     ***                                             ***    
    **                *               *                **   
   **            ******               ******            **  
  **       ******                           ******       ** 
 **                                                       **
 *                                                         *
**                                                         *
*                                                           
*                           *****                           
*                          **   **                          
*                         **     **                         
*          *              *       *              *          
**         **                                   **         *
 *          **                                 **          *
 **          ***                             ***          **
  **           *****                     *****           ** 
   **              ***********************              **  
    **                        *                        **   
     ***                                             ***    
       ***                                         ***      
         ***                                     ***        
           ***                                 ***          
             *****                         *****            
                 ******               ******                
                      *****************                     
                                                            
                                                            
                                                            
                                                            
                                                            
                                                            
                                                            
                                                            
                                                            
                                                            
                                                            
                                                            
                                                            
                                                            
                                                            
Curve node correctness: PASS
Exception: PASS
